2022-03-29 18:46:41,191 - basicLogger - INFO - App Conf File: app_conf.yml
2022-03-29 18:46:41,191 - basicLogger - INFO - Log Conf File: log_conf.yml
2022-03-29 18:46:41,191 - basicLogger - INFO - Attempting to connect to Kafka. Current retry count: 0
2022-03-29 18:46:45,720 - basicLogger - ERROR - Connection failed.
2022-03-29 18:46:49,437 - basicLogger - INFO - App Conf File: app_conf.yml
2022-03-29 18:46:49,437 - basicLogger - INFO - Log Conf File: log_conf.yml
2022-03-29 18:46:49,437 - basicLogger - INFO - Attempting to connect to Kafka. Current retry count: 0
2022-03-29 18:46:53,716 - basicLogger - ERROR - Connection failed.
2022-03-29 18:47:03,721 - basicLogger - INFO - Attempting to connect to Kafka. Current retry count: 1
2022-03-29 18:48:44,396 - basicLogger - INFO - Successfully connected to Kafka.
2022-03-29 18:48:44,437 - basicLogger - INFO - App Conf File: app_conf.yml
2022-03-29 18:48:44,437 - basicLogger - INFO - Log Conf File: log_conf.yml
2022-03-29 18:48:44,437 - basicLogger - INFO - Attempting to connect to Kafka. Current retry count: 0
2022-03-29 18:50:01,888 - basicLogger - INFO - Successfully connected to Kafka.
2022-03-29 20:17:43,866 - basicLogger - INFO - App Conf File: app_conf.yml
2022-03-29 20:17:43,867 - basicLogger - INFO - Log Conf File: log_conf.yml
2022-03-29 20:17:43,867 - basicLogger - INFO - Attempting to connect to Kafka. Current retry count: 0
2022-03-29 20:17:44,273 - basicLogger - INFO - Successfully connected to Kafka.
2022-03-29 20:17:44,309 - basicLogger - INFO - App Conf File: app_conf.yml
2022-03-29 20:17:44,309 - basicLogger - INFO - Log Conf File: log_conf.yml
2022-03-29 20:17:44,309 - basicLogger - INFO - Attempting to connect to Kafka. Current retry count: 0
2022-03-29 20:17:44,651 - basicLogger - INFO - Successfully connected to Kafka.
2022-03-29 20:46:20,644 - basicLogger - INFO - App Conf File: app_conf.yml
2022-03-29 20:46:20,645 - basicLogger - INFO - Log Conf File: log_conf.yml
2022-03-29 20:46:20,645 - basicLogger - INFO - Attempting to connect to Kafka. Current retry count: 0
2022-03-29 20:46:21,039 - basicLogger - INFO - Successfully connected to Kafka.
2022-03-29 20:46:21,072 - basicLogger - INFO - App Conf File: app_conf.yml
2022-03-29 20:46:21,072 - basicLogger - INFO - Log Conf File: log_conf.yml
2022-03-29 20:46:21,073 - basicLogger - INFO - Attempting to connect to Kafka. Current retry count: 0
2022-03-29 20:46:21,413 - basicLogger - INFO - Successfully connected to Kafka.
2022-03-29 21:32:38,945 - basicLogger - INFO - App Conf File: app_conf.yml
2022-03-29 21:32:38,946 - basicLogger - INFO - Log Conf File: log_conf.yml
2022-03-29 21:32:38,982 - basicLogger - INFO - App Conf File: app_conf.yml
2022-03-29 21:32:38,982 - basicLogger - INFO - Log Conf File: log_conf.yml
2022-03-29 21:33:41,122 - basicLogger - INFO - App Conf File: app_conf.yml
2022-03-29 21:33:41,122 - basicLogger - INFO - Log Conf File: log_conf.yml
2022-03-29 21:33:41,148 - basicLogger - INFO - App Conf File: app_conf.yml
2022-03-29 21:33:41,148 - basicLogger - INFO - Log Conf File: log_conf.yml
2022-03-29 21:35:09,255 - basicLogger - INFO - App Conf File: app_conf.yml
2022-03-29 21:35:09,255 - basicLogger - INFO - Log Conf File: log_conf.yml
2022-03-29 21:35:24,611 - basicLogger - INFO - App Conf File: app_conf.yml
2022-03-29 21:35:24,611 - basicLogger - INFO - Log Conf File: log_conf.yml
2022-03-29 21:35:24,640 - basicLogger - INFO - App Conf File: app_conf.yml
2022-03-29 21:35:24,640 - basicLogger - INFO - Log Conf File: log_conf.yml
2022-03-29 21:35:35,341 - basicLogger - INFO - App Conf File: app_conf.yml
2022-03-29 21:35:35,341 - basicLogger - INFO - Log Conf File: log_conf.yml
2022-03-29 21:35:35,370 - basicLogger - INFO - App Conf File: app_conf.yml
2022-03-29 21:35:35,370 - basicLogger - INFO - Log Conf File: log_conf.yml
2022-03-29 21:57:11,521 - basicLogger - INFO - App Conf File: app_conf.yml
2022-03-29 21:57:11,522 - basicLogger - INFO - Log Conf File: log_conf.yml
2022-03-29 21:57:11,560 - basicLogger - INFO - App Conf File: app_conf.yml
2022-03-29 21:57:11,561 - basicLogger - INFO - Log Conf File: log_conf.yml
2022-03-29 21:58:21,447 - basicLogger - INFO - App Conf File: app_conf.yml
2022-03-29 21:58:21,447 - basicLogger - INFO - Log Conf File: log_conf.yml
2022-03-29 21:58:21,472 - basicLogger - INFO - App Conf File: app_conf.yml
2022-03-29 21:58:21,473 - basicLogger - INFO - Log Conf File: log_conf.yml
